<?xml version="1.0" encoding="UTF-8"?>
<!-- Generated by org.testng.reporters.JUnitReportReporter -->
<testsuite hostname="INDHYDELP191" failures="0" tests="2" name="org.example1.AppTest" time="0.005" errors="0" timestamp="2025-03-19T09:02:04 IST" skipped="0">
  <testcase classname="org.example1.AppTest" name="test1" time="0.005"/>
  <testcase classname="org.example1.AppTest" name="test2" time="0.000"/>
</testsuite> <!-- org.example1.AppTest -->
